<?xml version="1.0" encoding="UTF-8"?>
<testng-results ignored="0" total="1" passed="1" failed="0" skipped="0">
  <reporter-output>
  </reporter-output>
  <suite started-at="2022-09-04T11:09:06 BST" name="Default suite" finished-at="2022-09-04T11:09:18 BST" duration-ms="11346">
    <groups>
    </groups>
    <test started-at="2022-09-04T11:09:06 BST" name="Default test" finished-at="2022-09-04T11:09:18 BST" duration-ms="11346">
      <class name="mithunsharma.DialogGestureExample">
        <test-method is-config="true" signature="configureAppiumCapability()[pri:0, instance:mithunsharma.DialogGestureExample@451001e5]" started-at="2022-09-04T11:09:07 BST" name="configureAppiumCapability" finished-at="2022-09-04T11:09:13 BST" duration-ms="6913" status="PASS">
          <reporter-output>
          </reporter-output>
        </test-method> <!-- configureAppiumCapability -->
        <test-method signature="validateDialog()[pri:0, instance:mithunsharma.DialogGestureExample@451001e5]" started-at="2022-09-04T11:09:13 BST" name="validateDialog" finished-at="2022-09-04T11:09:18 BST" duration-ms="4361" status="PASS">
          <reporter-output>
          </reporter-output>
        </test-method> <!-- validateDialog -->
      </class> <!-- mithunsharma.DialogGestureExample -->
    </test> <!-- Default test -->
  </suite> <!-- Default suite -->
</testng-results>
